<?xml version="1.0" encoding="UTF-8"?>
<testsuite xmlns:xsi="http://www.w3.org/2001/XMLSchema-instance" xsi:noNamespaceSchemaLocation="https://maven.apache.org/surefire/maven-surefire-plugin/xsd/surefire-test-report-3.0.xsd" version="3.0" name="dawvictormm.tienda2025.Tienda2025Test" time="0.08" tests="9" errors="1" skipped="0" failures="4">
  <properties>
[...]
</properties>
  <testcase name="testTotalCliente" classname="dawvictormm.tienda2025.Tienda2025Test" time="0.017">
    <failure message="Multiple Failures (3 failures)&#10;	org.opentest4j.AssertionFailedError: Total incorrecto para cliente ANA ==&gt; expected: &lt;3565.0&gt; but was: &lt;0.0&gt;&#10;	org.opentest4j.AssertionFailedError: Total incorrecto para cliente LOLA ==&gt; expected: &lt;2370.0&gt; but was: &lt;0.0&gt;&#10;	org.opentest4j.AssertionFailedError: Total incorrecto para cliente JUAN ==&gt; expected: &lt;2160.0&gt; but was: &lt;0.0&gt;" type="org.opentest4j.MultipleFailuresError"><![CDATA[org.opentest4j.MultipleFailuresError: 
Multiple Failures (3 failures)
	org.opentest4j.AssertionFailedError: Total incorrecto para cliente ANA ==> expected: <3565.0> but was: <0.0>
	org.opentest4j.AssertionFailedError: Total incorrecto para cliente LOLA ==> expected: <2370.0> but was: <0.0>
	org.opentest4j.AssertionFailedError: Total incorrecto para cliente JUAN ==> expected: <2160.0> but was: <0.0>
	at org.junit.jupiter.api.AssertAll.assertAll(AssertAll.java:80)
	at org.junit.jupiter.api.AssertAll.assertAll(AssertAll.java:44)
	at org.junit.jupiter.api.AssertAll.assertAll(AssertAll.java:38)
	at org.junit.jupiter.api.Assertions.assertAll(Assertions.java:2944)
	at dawvictormm.tienda2025.Tienda2025Test.testTotalCliente(Tienda2025Test.java:129)
	at java.base/java.lang.reflect.Method.invoke(Method.java:580)
	at java.base/java.util.ArrayList.forEach(ArrayList.java:1596)
	at java.base/java.util.ArrayList.forEach(ArrayList.java:1596)
	Suppressed: org.opentest4j.AssertionFailedError: Total incorrecto para cliente ANA ==> expected: <3565.0> but was: <0.0>
		at org.junit.jupiter.api.AssertionFailureBuilder.build(AssertionFailureBuilder.java:151)
		at org.junit.jupiter.api.AssertionFailureBuilder.buildAndThrow(AssertionFailureBuilder.java:132)
		at org.junit.jupiter.api.AssertEquals.failNotEqual(AssertEquals.java:197)
		at org.junit.jupiter.api.AssertEquals.assertEquals(AssertEquals.java:70)
		at org.junit.jupiter.api.Assertions.assertEquals(Assertions.java:929)
		at dawvictormm.tienda2025.Tienda2025Test.lambda$7(Tienda2025Test.java:130)
		at org.junit.jupiter.api.AssertAll.lambda$assertAll$0(AssertAll.java:68)
		at java.base/java.util.stream.ReferencePipeline$3$1.accept(ReferencePipeline.java:197)
		at java.base/java.util.Spliterators$ArraySpliterator.forEachRemaining(Spliterators.java:1024)
		at java.base/java.util.stream.AbstractPipeline.copyInto(AbstractPipeline.java:509)
		at java.base/java.util.stream.AbstractPipeline.wrapAndCopyInto(AbstractPipeline.java:499)
		at java.base/java.util.stream.ReduceOps$ReduceOp.evaluateSequential(ReduceOps.java:921)
		at java.base/java.util.stream.AbstractPipeline.evaluate(AbstractPipeline.java:234)
		at java.base/java.util.stream.ReferencePipeline.collect(ReferencePipeline.java:682)
		at org.junit.jupiter.api.AssertAll.assertAll(AssertAll.java:77)
		... 7 more
	Suppressed: org.opentest4j.AssertionFailedError: Total incorrecto para cliente LOLA ==> expected: <2370.0> but was: <0.0>
		at org.junit.jupiter.api.AssertionFailureBuilder.build(AssertionFailureBuilder.java:151)
		at org.junit.jupiter.api.AssertionFailureBuilder.buildAndThrow(AssertionFailureBuilder.java:132)
		at org.junit.jupiter.api.AssertEquals.failNotEqual(AssertEquals.java:197)
		at org.junit.jupiter.api.AssertEquals.assertEquals(AssertEquals.java:70)
		at org.junit.jupiter.api.Assertions.assertEquals(Assertions.java:929)
		at dawvictormm.tienda2025.Tienda2025Test.lambda$8(Tienda2025Test.java:131)
		at org.junit.jupiter.api.AssertAll.lambda$assertAll$0(AssertAll.java:68)
		at java.base/java.util.stream.ReferencePipeline$3$1.accept(ReferencePipeline.java:197)
		at java.base/java.util.Spliterators$ArraySpliterator.forEachRemaining(Spliterators.java:1024)
		at java.base/java.util.stream.AbstractPipeline.copyInto(AbstractPipeline.java:509)
		at java.base/java.util.stream.AbstractPipeline.wrapAndCopyInto(AbstractPipeline.java:499)
		at java.base/java.util.stream.ReduceOps$ReduceOp.evaluateSequential(ReduceOps.java:921)
		at java.base/java.util.stream.AbstractPipeline.evaluate(AbstractPipeline.java:234)
		at java.base/java.util.stream.ReferencePipeline.collect(ReferencePipeline.java:682)
		at org.junit.jupiter.api.AssertAll.assertAll(AssertAll.java:77)
		... 7 more
	Suppressed: org.opentest4j.AssertionFailedError: Total incorrecto para cliente JUAN ==> expected: <2160.0> but was: <0.0>
		at org.junit.jupiter.api.AssertionFailureBuilder.build(AssertionFailureBuilder.java:151)
		at org.junit.jupiter.api.AssertionFailureBuilder.buildAndThrow(AssertionFailureBuilder.java:132)
		at org.junit.jupiter.api.AssertEquals.failNotEqual(AssertEquals.java:197)
		at org.junit.jupiter.api.AssertEquals.assertEquals(AssertEquals.java:70)
		at org.junit.jupiter.api.Assertions.assertEquals(Assertions.java:929)
		at dawvictormm.tienda2025.Tienda2025Test.lambda$9(Tienda2025Test.java:132)
		at org.junit.jupiter.api.AssertAll.lambda$assertAll$0(AssertAll.java:68)
		at java.base/java.util.stream.ReferencePipeline$3$1.accept(ReferencePipeline.java:197)
		at java.base/java.util.Spliterators$ArraySpliterator.forEachRemaining(Spliterators.java:1024)
		at java.base/java.util.stream.AbstractPipeline.copyInto(AbstractPipeline.java:509)
		at java.base/java.util.stream.AbstractPipeline.wrapAndCopyInto(AbstractPipeline.java:499)
		at java.base/java.util.stream.ReduceOps$ReduceOp.evaluateSequential(ReduceOps.java:921)
		at java.base/java.util.stream.AbstractPipeline.evaluate(AbstractPipeline.java:234)
		at java.base/java.util.stream.ReferencePipeline.collect(ReferencePipeline.java:682)
		at org.junit.jupiter.api.AssertAll.assertAll(AssertAll.java:77)
		... 7 more
]]></failure>
  </testcase>
  <testcase name="testTotalPedido" classname="dawvictormm.tienda2025.Tienda2025Test" time="0.002">
    <error message="Cannot invoke &quot;dawvictormm.tienda2025.Articulo.getPvp()&quot; because the return value of &quot;java.util.HashMap.get(Object)&quot; is null" type="java.lang.NullPointerException"><![CDATA[java.lang.NullPointerException: Cannot invoke "dawvictormm.tienda2025.Articulo.getPvp()" because the return value of "java.util.HashMap.get(Object)" is null
	at dawvictormm.tienda2025.Tienda2025.lambda$38(Tienda2025.java:913)
	at java.base/java.util.stream.ReferencePipeline$6$1.accept(ReferencePipeline.java:248)
	at java.base/java.util.ArrayList$ArrayListSpliterator.forEachRemaining(ArrayList.java:1708)
	at java.base/java.util.stream.AbstractPipeline.copyInto(AbstractPipeline.java:509)
	at java.base/java.util.stream.AbstractPipeline.wrapAndCopyInto(AbstractPipeline.java:499)
	at java.base/java.util.stream.ReduceOps$ReduceOp.evaluateSequential(ReduceOps.java:921)
	at java.base/java.util.stream.AbstractPipeline.evaluate(AbstractPipeline.java:234)
	at java.base/java.util.stream.DoublePipeline.collect(DoublePipeline.java:541)
	at java.base/java.util.stream.DoublePipeline.sum(DoublePipeline.java:450)
	at dawvictormm.tienda2025.Tienda2025.totalPedido(Tienda2025.java:914)
	at dawvictormm.tienda2025.Tienda2025Test.testTotalPedido(Tienda2025Test.java:83)
	at java.base/java.lang.reflect.Method.invoke(Method.java:580)
	at java.base/java.util.ArrayList.forEach(ArrayList.java:1596)
	at java.base/java.util.ArrayList.forEach(ArrayList.java:1596)
]]></error>
    <system-out><![CDATA[getPedidos
]]></system-out>
  </testcase>
  <testcase name="testTotalCliente2" classname="dawvictormm.tienda2025.Tienda2025Test" time="0.004">
    <failure message="Multiple Failures (5 failures)&#10;	org.opentest4j.AssertionFailedError: expected: &lt;3565.0&gt; but was: &lt;0.0&gt;&#10;	org.opentest4j.AssertionFailedError: expected: &lt;2370.0&gt; but was: &lt;0.0&gt;&#10;	org.opentest4j.AssertionFailedError: expected: &lt;2160.0&gt; but was: &lt;0.0&gt;&#10;	org.opentest4j.AssertionFailedError: expected: &lt;580.0&gt; but was: &lt;0.0&gt;&#10;	org.opentest4j.AssertionFailedError: expected: &lt;190.0&gt; but was: &lt;0.0&gt;" type="org.opentest4j.MultipleFailuresError"><![CDATA[org.opentest4j.MultipleFailuresError: 
Multiple Failures (5 failures)
	org.opentest4j.AssertionFailedError: expected: <3565.0> but was: <0.0>
	org.opentest4j.AssertionFailedError: expected: <2370.0> but was: <0.0>
	org.opentest4j.AssertionFailedError: expected: <2160.0> but was: <0.0>
	org.opentest4j.AssertionFailedError: expected: <580.0> but was: <0.0>
	org.opentest4j.AssertionFailedError: expected: <190.0> but was: <0.0>
	at org.junit.jupiter.api.AssertAll.assertAll(AssertAll.java:80)
	at org.junit.jupiter.api.AssertAll.assertAll(AssertAll.java:44)
	at org.junit.jupiter.api.AssertAll.assertAll(AssertAll.java:38)
	at org.junit.jupiter.api.Assertions.assertAll(Assertions.java:2944)
	at dawvictormm.tienda2025.Tienda2025Test.testTotalCliente2(Tienda2025Test.java:142)
	at java.base/java.lang.reflect.Method.invoke(Method.java:580)
	at java.base/java.util.ArrayList.forEach(ArrayList.java:1596)
	at java.base/java.util.ArrayList.forEach(ArrayList.java:1596)
	Suppressed: org.opentest4j.AssertionFailedError: expected: <3565.0> but was: <0.0>
		at org.junit.jupiter.api.AssertionFailureBuilder.build(AssertionFailureBuilder.java:151)
		at org.junit.jupiter.api.AssertionFailureBuilder.buildAndThrow(AssertionFailureBuilder.java:132)
		at org.junit.jupiter.api.AssertEquals.failNotEqual(AssertEquals.java:197)
		at org.junit.jupiter.api.AssertEquals.assertEquals(AssertEquals.java:70)
		at org.junit.jupiter.api.AssertEquals.assertEquals(AssertEquals.java:65)
		at org.junit.jupiter.api.Assertions.assertEquals(Assertions.java:889)
		at dawvictormm.tienda2025.Tienda2025Test.lambda$11(Tienda2025Test.java:143)
		at org.junit.jupiter.api.AssertAll.lambda$assertAll$0(AssertAll.java:68)
		at java.base/java.util.stream.ReferencePipeline$3$1.accept(ReferencePipeline.java:197)
		at java.base/java.util.Spliterators$ArraySpliterator.forEachRemaining(Spliterators.java:1024)
		at java.base/java.util.stream.AbstractPipeline.copyInto(AbstractPipeline.java:509)
		at java.base/java.util.stream.AbstractPipeline.wrapAndCopyInto(AbstractPipeline.java:499)
		at java.base/java.util.stream.ReduceOps$ReduceOp.evaluateSequential(ReduceOps.java:921)
		at java.base/java.util.stream.AbstractPipeline.evaluate(AbstractPipeline.java:234)
		at java.base/java.util.stream.ReferencePipeline.collect(ReferencePipeline.java:682)
		at org.junit.jupiter.api.AssertAll.assertAll(AssertAll.java:77)
		... 7 more
	Suppressed: org.opentest4j.AssertionFailedError: expected: <2370.0> but was: <0.0>
		at org.junit.jupiter.api.AssertionFailureBuilder.build(AssertionFailureBuilder.java:151)
		at org.junit.jupiter.api.AssertionFailureBuilder.buildAndThrow(AssertionFailureBuilder.java:132)
		at org.junit.jupiter.api.AssertEquals.failNotEqual(AssertEquals.java:197)
		at org.junit.jupiter.api.AssertEquals.assertEquals(AssertEquals.java:70)
		at org.junit.jupiter.api.AssertEquals.assertEquals(AssertEquals.java:65)
		at org.junit.jupiter.api.Assertions.assertEquals(Assertions.java:889)
		at dawvictormm.tienda2025.Tienda2025Test.lambda$12(Tienda2025Test.java:144)
		at org.junit.jupiter.api.AssertAll.lambda$assertAll$0(AssertAll.java:68)
		at java.base/java.util.stream.ReferencePipeline$3$1.accept(ReferencePipeline.java:197)
		at java.base/java.util.Spliterators$ArraySpliterator.forEachRemaining(Spliterators.java:1024)
		at java.base/java.util.stream.AbstractPipeline.copyInto(AbstractPipeline.java:509)
		at java.base/java.util.stream.AbstractPipeline.wrapAndCopyInto(AbstractPipeline.java:499)
		at java.base/java.util.stream.ReduceOps$ReduceOp.evaluateSequential(ReduceOps.java:921)
		at java.base/java.util.stream.AbstractPipeline.evaluate(AbstractPipeline.java:234)
		at java.base/java.util.stream.ReferencePipeline.collect(ReferencePipeline.java:682)
		at org.junit.jupiter.api.AssertAll.assertAll(AssertAll.java:77)
		... 7 more
	Suppressed: org.opentest4j.AssertionFailedError: expected: <2160.0> but was: <0.0>
		at org.junit.jupiter.api.AssertionFailureBuilder.build(AssertionFailureBuilder.java:151)
		at org.junit.jupiter.api.AssertionFailureBuilder.buildAndThrow(AssertionFailureBuilder.java:132)
		at org.junit.jupiter.api.AssertEquals.failNotEqual(AssertEquals.java:197)
		at org.junit.jupiter.api.AssertEquals.assertEquals(AssertEquals.java:70)
		at org.junit.jupiter.api.AssertEquals.assertEquals(AssertEquals.java:65)
		at org.junit.jupiter.api.Assertions.assertEquals(Assertions.java:889)
		at dawvictormm.tienda2025.Tienda2025Test.lambda$13(Tienda2025Test.java:145)
		at org.junit.jupiter.api.AssertAll.lambda$assertAll$0(AssertAll.java:68)
		at java.base/java.util.stream.ReferencePipeline$3$1.accept(ReferencePipeline.java:197)
		at java.base/java.util.Spliterators$ArraySpliterator.forEachRemaining(Spliterators.java:1024)
		at java.base/java.util.stream.AbstractPipeline.copyInto(AbstractPipeline.java:509)
		at java.base/java.util.stream.AbstractPipeline.wrapAndCopyInto(AbstractPipeline.java:499)
		at java.base/java.util.stream.ReduceOps$ReduceOp.evaluateSequential(ReduceOps.java:921)
		at java.base/java.util.stream.AbstractPipeline.evaluate(AbstractPipeline.java:234)
		at java.base/java.util.stream.ReferencePipeline.collect(ReferencePipeline.java:682)
		at org.junit.jupiter.api.AssertAll.assertAll(AssertAll.java:77)
		... 7 more
	Suppressed: org.opentest4j.AssertionFailedError: expected: <580.0> but was: <0.0>
		at org.junit.jupiter.api.AssertionFailureBuilder.build(AssertionFailureBuilder.java:151)
		at org.junit.jupiter.api.AssertionFailureBuilder.buildAndThrow(AssertionFailureBuilder.java:132)
		at org.junit.jupiter.api.AssertEquals.failNotEqual(AssertEquals.java:197)
		at org.junit.jupiter.api.AssertEquals.assertEquals(AssertEquals.java:70)
		at org.junit.jupiter.api.AssertEquals.assertEquals(AssertEquals.java:65)
		at org.junit.jupiter.api.Assertions.assertEquals(Assertions.java:889)
		at dawvictormm.tienda2025.Tienda2025Test.lambda$14(Tienda2025Test.java:146)
		at org.junit.jupiter.api.AssertAll.lambda$assertAll$0(AssertAll.java:68)
		at java.base/java.util.stream.ReferencePipeline$3$1.accept(ReferencePipeline.java:197)
		at java.base/java.util.Spliterators$ArraySpliterator.forEachRemaining(Spliterators.java:1024)
		at java.base/java.util.stream.AbstractPipeline.copyInto(AbstractPipeline.java:509)
		at java.base/java.util.stream.AbstractPipeline.wrapAndCopyInto(AbstractPipeline.java:499)
		at java.base/java.util.stream.ReduceOps$ReduceOp.evaluateSequential(ReduceOps.java:921)
		at java.base/java.util.stream.AbstractPipeline.evaluate(AbstractPipeline.java:234)
		at java.base/java.util.stream.ReferencePipeline.collect(ReferencePipeline.java:682)
		at org.junit.jupiter.api.AssertAll.assertAll(AssertAll.java:77)
		... 7 more
	Suppressed: org.opentest4j.AssertionFailedError: expected: <190.0> but was: <0.0>
		at org.junit.jupiter.api.AssertionFailureBuilder.build(AssertionFailureBuilder.java:151)
		at org.junit.jupiter.api.AssertionFailureBuilder.buildAndThrow(AssertionFailureBuilder.java:132)
		at org.junit.jupiter.api.AssertEquals.failNotEqual(AssertEquals.java:197)
		at org.junit.jupiter.api.AssertEquals.assertEquals(AssertEquals.java:70)
		at org.junit.jupiter.api.AssertEquals.assertEquals(AssertEquals.java:65)
		at org.junit.jupiter.api.Assertions.assertEquals(Assertions.java:889)
		at dawvictormm.tienda2025.Tienda2025Test.lambda$15(Tienda2025Test.java:147)
		at org.junit.jupiter.api.AssertAll.lambda$assertAll$0(AssertAll.java:68)
		at java.base/java.util.stream.ReferencePipeline$3$1.accept(ReferencePipeline.java:197)
		at java.base/java.util.Spliterators$ArraySpliterator.forEachRemaining(Spliterators.java:1024)
		at java.base/java.util.stream.AbstractPipeline.copyInto(AbstractPipeline.java:509)
		at java.base/java.util.stream.AbstractPipeline.wrapAndCopyInto(AbstractPipeline.java:499)
		at java.base/java.util.stream.ReduceOps$ReduceOp.evaluateSequential(ReduceOps.java:921)
		at java.base/java.util.stream.AbstractPipeline.evaluate(AbstractPipeline.java:234)
		at java.base/java.util.stream.ReferencePipeline.collect(ReferencePipeline.java:682)
		at org.junit.jupiter.api.AssertAll.assertAll(AssertAll.java:77)
		... 7 more
]]></failure>
  </testcase>
  <testcase name="testCargaDatos" classname="dawvictormm.tienda2025.Tienda2025Test" time="0.003">
    <failure message="Multiple Failures (2 failures)&#10;	org.opentest4j.AssertionFailedError: expected: &lt;9&gt; but was: &lt;8&gt;&#10;	org.opentest4j.AssertionFailedError: expected: &lt;4&gt; but was: &lt;5&gt;" type="org.opentest4j.MultipleFailuresError"><![CDATA[org.opentest4j.MultipleFailuresError: 
Multiple Failures (2 failures)
	org.opentest4j.AssertionFailedError: expected: <9> but was: <8>
	org.opentest4j.AssertionFailedError: expected: <4> but was: <5>
	at org.junit.jupiter.api.AssertAll.assertAll(AssertAll.java:80)
	at org.junit.jupiter.api.AssertAll.assertAll(AssertAll.java:44)
	at org.junit.jupiter.api.AssertAll.assertAll(AssertAll.java:38)
	at org.junit.jupiter.api.Assertions.assertAll(Assertions.java:2944)
	at dawvictormm.tienda2025.Tienda2025Test.testCargaDatos(Tienda2025Test.java:40)
	at java.base/java.lang.reflect.Method.invoke(Method.java:580)
	at java.base/java.util.ArrayList.forEach(ArrayList.java:1596)
	at java.base/java.util.ArrayList.forEach(ArrayList.java:1596)
	Suppressed: org.opentest4j.AssertionFailedError: expected: <9> but was: <8>
		at org.junit.jupiter.api.AssertionFailureBuilder.build(AssertionFailureBuilder.java:151)
		at org.junit.jupiter.api.AssertionFailureBuilder.buildAndThrow(AssertionFailureBuilder.java:132)
		at org.junit.jupiter.api.AssertEquals.failNotEqual(AssertEquals.java:197)
		at org.junit.jupiter.api.AssertEquals.assertEquals(AssertEquals.java:150)
		at org.junit.jupiter.api.AssertEquals.assertEquals(AssertEquals.java:145)
		at org.junit.jupiter.api.Assertions.assertEquals(Assertions.java:531)
		at dawvictormm.tienda2025.Tienda2025Test.lambda$0(Tienda2025Test.java:41)
		at org.junit.jupiter.api.AssertAll.lambda$assertAll$0(AssertAll.java:68)
		at java.base/java.util.stream.ReferencePipeline$3$1.accept(ReferencePipeline.java:197)
		at java.base/java.util.Spliterators$ArraySpliterator.forEachRemaining(Spliterators.java:1024)
		at java.base/java.util.stream.AbstractPipeline.copyInto(AbstractPipeline.java:509)
		at java.base/java.util.stream.AbstractPipeline.wrapAndCopyInto(AbstractPipeline.java:499)
		at java.base/java.util.stream.ReduceOps$ReduceOp.evaluateSequential(ReduceOps.java:921)
		at java.base/java.util.stream.AbstractPipeline.evaluate(AbstractPipeline.java:234)
		at java.base/java.util.stream.ReferencePipeline.collect(ReferencePipeline.java:682)
		at org.junit.jupiter.api.AssertAll.assertAll(AssertAll.java:77)
		... 7 more
	Suppressed: org.opentest4j.AssertionFailedError: expected: <4> but was: <5>
		at org.junit.jupiter.api.AssertionFailureBuilder.build(AssertionFailureBuilder.java:151)
		at org.junit.jupiter.api.AssertionFailureBuilder.buildAndThrow(AssertionFailureBuilder.java:132)
		at org.junit.jupiter.api.AssertEquals.failNotEqual(AssertEquals.java:197)
		at org.junit.jupiter.api.AssertEquals.assertEquals(AssertEquals.java:150)
		at org.junit.jupiter.api.AssertEquals.assertEquals(AssertEquals.java:145)
		at org.junit.jupiter.api.Assertions.assertEquals(Assertions.java:531)
		at dawvictormm.tienda2025.Tienda2025Test.lambda$1(Tienda2025Test.java:42)
		at org.junit.jupiter.api.AssertAll.lambda$assertAll$0(AssertAll.java:68)
		at java.base/java.util.stream.ReferencePipeline$3$1.accept(ReferencePipeline.java:197)
		at java.base/java.util.Spliterators$ArraySpliterator.forEachRemaining(Spliterators.java:1024)
		at java.base/java.util.stream.AbstractPipeline.copyInto(AbstractPipeline.java:509)
		at java.base/java.util.stream.AbstractPipeline.wrapAndCopyInto(AbstractPipeline.java:499)
		at java.base/java.util.stream.ReduceOps$ReduceOp.evaluateSequential(ReduceOps.java:921)
		at java.base/java.util.stream.AbstractPipeline.evaluate(AbstractPipeline.java:234)
		at java.base/java.util.stream.ReferencePipeline.collect(ReferencePipeline.java:682)
		at org.junit.jupiter.api.AssertAll.assertAll(AssertAll.java:77)
		... 7 more
]]></failure>
  </testcase>
  <testcase name="testStock" classname="dawvictormm.tienda2025.Tienda2025Test" time="0.016">
    <failure message="Multiple Failures (1 failure)&#10;	org.opentest4j.AssertionFailedError: El Stock esta agotado ==&gt; Expected dawvictormm.tienda2025.StockAgotado to be thrown, but nothing was thrown." type="org.opentest4j.MultipleFailuresError"><![CDATA[org.opentest4j.MultipleFailuresError: 
Multiple Failures (1 failure)
	org.opentest4j.AssertionFailedError: El Stock esta agotado ==> Expected dawvictormm.tienda2025.StockAgotado to be thrown, but nothing was thrown.
	at org.junit.jupiter.api.AssertAll.assertAll(AssertAll.java:80)
	at org.junit.jupiter.api.AssertAll.assertAll(AssertAll.java:44)
	at org.junit.jupiter.api.AssertAll.assertAll(AssertAll.java:38)
	at org.junit.jupiter.api.Assertions.assertAll(Assertions.java:2944)
	at dawvictormm.tienda2025.Tienda2025Test.testStock(Tienda2025Test.java:103)
	at java.base/java.lang.reflect.Method.invoke(Method.java:580)
	at java.base/java.util.ArrayList.forEach(ArrayList.java:1596)
	at java.base/java.util.ArrayList.forEach(ArrayList.java:1596)
	Suppressed: org.opentest4j.AssertionFailedError: El Stock esta agotado ==> Expected dawvictormm.tienda2025.StockAgotado to be thrown, but nothing was thrown.
		at org.junit.jupiter.api.AssertionFailureBuilder.build(AssertionFailureBuilder.java:152)
		at org.junit.jupiter.api.AssertThrows.assertThrows(AssertThrows.java:73)
		at org.junit.jupiter.api.AssertThrows.assertThrows(AssertThrows.java:39)
		at org.junit.jupiter.api.Assertions.assertThrows(Assertions.java:3131)
		at dawvictormm.tienda2025.Tienda2025Test.lambda$4(Tienda2025Test.java:105)
		at org.junit.jupiter.api.AssertAll.lambda$assertAll$0(AssertAll.java:68)
		at java.base/java.util.stream.ReferencePipeline$3$1.accept(ReferencePipeline.java:197)
		at java.base/java.util.Spliterators$ArraySpliterator.forEachRemaining(Spliterators.java:1024)
		at java.base/java.util.stream.AbstractPipeline.copyInto(AbstractPipeline.java:509)
		at java.base/java.util.stream.AbstractPipeline.wrapAndCopyInto(AbstractPipeline.java:499)
		at java.base/java.util.stream.ReduceOps$ReduceOp.evaluateSequential(ReduceOps.java:921)
		at java.base/java.util.stream.AbstractPipeline.evaluate(AbstractPipeline.java:234)
		at java.base/java.util.stream.ReferencePipeline.collect(ReferencePipeline.java:682)
		at org.junit.jupiter.api.AssertAll.assertAll(AssertAll.java:77)
		... 7 more
]]></failure>
  </testcase>
  <testcase name="testTotalClienteAdditional" classname="dawvictormm.tienda2025.Tienda2025Test" time="0.002"/>
  <testcase name="testStockAdditional" classname="dawvictormm.tienda2025.Tienda2025Test" time="0.002"/>
  <testcase name="testCargaDatosAdditional" classname="dawvictormm.tienda2025.Tienda2025Test" time="0.001"/>
  <testcase name="testTotalPedidoAdditional" classname="dawvictormm.tienda2025.Tienda2025Test" time="0.001"/>
</testsuite>