<?xml version="1.0" encoding="UTF-8"?>
<testsuite xmlns:xsi="http://www.w3.org/2001/XMLSchema-instance" xsi:noNamespaceSchemaLocation="https://maven.apache.org/surefire/maven-surefire-plugin/xsd/surefire-test-report-3.0.xsd" version="3.0" name="dawvictormm.tienda2025.MetodosAuxTest" time="0.068" tests="6" errors="0" skipped="0" failures="0">
  <properties>
[...]
</properties>
  <testcase name="testEsIntAdditional" classname="dawvictormm.tienda2025.MetodosAuxTest" time="0.029">
    <system-out><![CDATA[Additional tests for esInt method
]]></system-out>
  </testcase>
  <testcase name="testEsInt" classname="dawvictormm.tienda2025.MetodosAuxTest" time="0.001">
    <system-out><![CDATA[Test para el metodo esInt
]]></system-out>
  </testcase>
  <testcase name="testEsDoubleAdditional" classname="dawvictormm.tienda2025.MetodosAuxTest" time="0.002">
    <system-out><![CDATA[Additional tests for esDouble method
]]></system-out>
  </testcase>
  <testcase name="testValidarDNI" classname="dawvictormm.tienda2025.MetodosAuxTest" time="0.002">
    <system-out><![CDATA[Test para el metodo validarDNI
]]></system-out>
  </testcase>
  <testcase name="testValidarDNIAdditional" classname="dawvictormm.tienda2025.MetodosAuxTest" time="0.002">
    <system-out><![CDATA[Additional tests for validarDNI method
]]></system-out>
  </testcase>
  <testcase name="testEsDouble" classname="dawvictormm.tienda2025.MetodosAuxTest" time="0.001">
    <system-out><![CDATA[Test para el metodo esDouble
]]></system-out>
  </testcase>
</testsuite>